<?xml version="1.0" encoding="UTF-8"?>
<!-- Generated by org.testng.reporters.JUnitReportReporter -->
<testsuite hostname="veeramani-PC" name="DragAndDrop" tests="1" failures="0" timestamp="1 Sep 2013 05:06:00 GMT" time="66.226" errors="0">
  <testcase name="schooleducation" time="66.226" classname="DragAndDrop"/>
</testsuite> <!-- DragAndDrop -->
