<?xml version="1.0" encoding="UTF-8"?>
<!-- Generated by org.testng.reporters.JUnitReportReporter -->
<testsuite hostname="veeramani-PC" name="Gmail" tests="2" failures="0" timestamp="1 Sep 2013 05:06:00 GMT" time="16.619" errors="0">
  <testcase name="emptyLogin" time="8.006" classname="Gmail"/>
  <testcase name="invalidLogin" time="8.613" classname="Gmail"/>
</testsuite> <!-- Gmail -->
