<?xml version="1.0" encoding="UTF-8"?>
<!-- Generated by org.testng.reporters.JUnitReportReporter -->
<testsuite hostname="veeramani-PC" name="com.google.test.GmailPageTest" tests="1" failures="0" timestamp="18 Sep 2013 18:38:05 GMT" time="94.085" errors="0">
  <testcase name="invalidLoginTest" time="94.085" classname="com.google.test.GmailPageTest"/>
</testsuite> <!-- com.google.test.GmailPageTest -->
